d:\myapplications\remotestick\win32\win32\debug\win32.pch
d:\myapplications\remotestick\win32\win32\debug\vc142.pdb
d:\myapplications\remotestick\win32\win32\debug\vc142.idb
d:\myapplications\remotestick\win32\win32\debug\pch.obj
d:\myapplications\remotestick\win32\win32\debug\win32.obj
d:\myapplications\remotestick\win32\win32\debug\dllmain.obj
d:\myapplications\remotestick\win32\debug\win32.dll
d:\myapplications\remotestick\win32\debug\win32.ilk
d:\myapplications\remotestick\win32\debug\win32.pdb
d:\myapplications\remotestick\win32\debug\win32.lib
d:\myapplications\remotestick\win32\debug\win32.exp
d:\myapplications\remotestick\win32\win32\debug\win32.tlog\cl.command.1.tlog
d:\myapplications\remotestick\win32\win32\debug\win32.tlog\cl.read.1.tlog
d:\myapplications\remotestick\win32\win32\debug\win32.tlog\cl.write.1.tlog
d:\myapplications\remotestick\win32\win32\debug\win32.tlog\link.140.delete.1.tlog
d:\myapplications\remotestick\win32\win32\debug\win32.tlog\link.16336.delete.1.tlog
d:\myapplications\remotestick\win32\win32\debug\win32.tlog\link.18100.delete.1.tlog
d:\myapplications\remotestick\win32\win32\debug\win32.tlog\link.command.1.tlog
d:\myapplications\remotestick\win32\win32\debug\win32.tlog\link.delete.1.tlog
d:\myapplications\remotestick\win32\win32\debug\win32.tlog\link.read.1.tlog
d:\myapplications\remotestick\win32\win32\debug\win32.tlog\link.write.1.tlog
d:\myapplications\remotestick\win32\win32\debug\win32.tlog\win32.write.1u.tlog
